<?xml version="1.0" encoding="UTF-8"?>
<!-- Generated by org.testng.reporters.JUnitXMLReporter -->
<testsuite hostname="DESKTOP-5T7T99E" ignored="0" name="AppiumTest" tests="5" failures="3" timestamp="18 Sep 2020 19:36:04 GMT" time="123.055" errors="0">
  <testcase name="openApp" time="22.149" classname="testcases.appSignIn"/>
  <testcase name="signIn" time="27.536" classname="testcases.appSignIn"/>
  <testcase name="courseSel" time="53.056" classname="testcases.appSelectCourse">
    <failure type="org.openqa.selenium.StaleElementReferenceException" message="The element &amp;apos;By.id: android:id/button_once&amp;apos; does not exist in DOM anymore
For documentation on this error, please visit: https://www.seleniumhq.org/exceptions/stale_element_reference.html
Build info: version: &amp;apos;3.141.59&amp;apos;, revision: &amp;apos;e82be7d358&amp;apos;, time: &amp;apos;2018-11-14T08:17:03&amp;apos;
System info: host: &amp;apos;DESKTOP-5T7T99E&amp;apos;, ip: &amp;apos;192.168.0.100&amp;apos;, os.name: &amp;apos;Windows 10&amp;apos;, os.arch: &amp;apos;amd64&amp;apos;, os.version: &amp;apos;10.0&amp;apos;, java.version: &amp;apos;1.8.0_261&amp;apos;
Driver info: io.appium.java_client.android.AndroidDriver
Capabilities {appActivity: org.khanacademy.android.ui...., appPackage: org.khanacademy.android, chromedriverExecutable: C:\Users\pradeep\Downloads\..., databaseEnabled: false, desired: {appActivity: org.khanacademy.android.ui...., appPackage: org.khanacademy.android, chromedriverExecutable: C:\Users\pradeep\Downloads\..., deviceName: Anjana, platformName: android}, deviceApiLevel: 26, deviceManufacturer: Google, deviceModel: Android SDK built for x86, deviceName: emulator-5554, deviceScreenDensity: 440, deviceScreenSize: 1080x2220, deviceUDID: emulator-5554, javascriptEnabled: true, locationContextEnabled: false, networkConnectionEnabled: true, pixelRatio: 2.75, platform: LINUX, platformName: Android, platformVersion: 8.0.0, statBarHeight: 66, takesScreenshot: true, viewportRect: {height: 2022, left: 0, top: 66, width: 1080}, warnings: {}, webStorageEnabled: false}
Session ID: 840f5c7a-cd9b-4838-91d8-88a96d2a60e5">
      <![CDATA[org.openqa.selenium.StaleElementReferenceException: The element 'By.id: android:id/button_once' does not exist in DOM anymore
For documentation on this error, please visit: https://www.seleniumhq.org/exceptions/stale_element_reference.html
Build info: version: '3.141.59', revision: 'e82be7d358', time: '2018-11-14T08:17:03'
System info: host: 'DESKTOP-5T7T99E', ip: '192.168.0.100', os.name: 'Windows 10', os.arch: 'amd64', os.version: '10.0', java.version: '1.8.0_261'
Driver info: io.appium.java_client.android.AndroidDriver
Capabilities {appActivity: org.khanacademy.android.ui...., appPackage: org.khanacademy.android, chromedriverExecutable: C:\Users\pradeep\Downloads\..., databaseEnabled: false, desired: {appActivity: org.khanacademy.android.ui...., appPackage: org.khanacademy.android, chromedriverExecutable: C:\Users\pradeep\Downloads\..., deviceName: Anjana, platformName: android}, deviceApiLevel: 26, deviceManufacturer: Google, deviceModel: Android SDK built for x86, deviceName: emulator-5554, deviceScreenDensity: 440, deviceScreenSize: 1080x2220, deviceUDID: emulator-5554, javascriptEnabled: true, locationContextEnabled: false, networkConnectionEnabled: true, pixelRatio: 2.75, platform: LINUX, platformName: Android, platformVersion: 8.0.0, statBarHeight: 66, takesScreenshot: true, viewportRect: {height: 2022, left: 0, top: 66, width: 1080}, warnings: {}, webStorageEnabled: false}
Session ID: 840f5c7a-cd9b-4838-91d8-88a96d2a60e5
at org.openqa.selenium.remote.http.W3CHttpResponseCodec.createException(W3CHttpResponseCodec.java:187)
at org.openqa.selenium.remote.http.W3CHttpResponseCodec.decode(W3CHttpResponseCodec.java:122)
at org.openqa.selenium.remote.http.W3CHttpResponseCodec.decode(W3CHttpResponseCodec.java:49)
at org.openqa.selenium.remote.HttpCommandExecutor.execute(HttpCommandExecutor.java:158)
at io.appium.java_client.remote.AppiumCommandExecutor.execute(AppiumCommandExecutor.java:239)
at org.openqa.selenium.remote.RemoteWebDriver.execute(RemoteWebDriver.java:552)
at io.appium.java_client.DefaultGenericMobileDriver.execute(DefaultGenericMobileDriver.java:41)
at io.appium.java_client.AppiumDriver.execute(AppiumDriver.java:1)
at io.appium.java_client.android.AndroidDriver.execute(AndroidDriver.java:1)
at org.openqa.selenium.remote.RemoteWebElement.execute(RemoteWebElement.java:285)
at io.appium.java_client.DefaultGenericMobileElement.execute(DefaultGenericMobileElement.java:45)
at io.appium.java_client.MobileElement.execute(MobileElement.java:1)
at io.appium.java_client.android.AndroidElement.execute(AndroidElement.java:1)
at org.openqa.selenium.remote.RemoteWebElement.click(RemoteWebElement.java:84)
at pageobject.appSelectCoursePage.launchCourseinChrome(appSelectCoursePage.java:94)
at testcases.appSelectCourse.courseSel(appSelectCourse.java:17)
... Removed 29 stack frames]]>
    </failure>
  </testcase> <!-- courseSel -->
  <testcase name="playVideo" time="10.175" classname="testcases.webPlayVideo">
    <failure type="org.openqa.selenium.NoSuchElementException" message="An element could not be located on the page using the given search parameters.
For documentation on this error, please visit: https://www.seleniumhq.org/exceptions/no_such_element.html
Build info: version: &amp;apos;3.141.59&amp;apos;, revision: &amp;apos;e82be7d358&amp;apos;, time: &amp;apos;2018-11-14T08:17:03&amp;apos;
System info: host: &amp;apos;DESKTOP-5T7T99E&amp;apos;, ip: &amp;apos;192.168.0.100&amp;apos;, os.name: &amp;apos;Windows 10&amp;apos;, os.arch: &amp;apos;amd64&amp;apos;, os.version: &amp;apos;10.0&amp;apos;, java.version: &amp;apos;1.8.0_261&amp;apos;
Driver info: io.appium.java_client.android.AndroidDriver
Capabilities {appActivity: org.khanacademy.android.ui...., appPackage: org.khanacademy.android, chromedriverExecutable: C:\Users\pradeep\Downloads\..., databaseEnabled: false, desired: {appActivity: org.khanacademy.android.ui...., appPackage: org.khanacademy.android, chromedriverExecutable: C:\Users\pradeep\Downloads\..., deviceName: Anjana, platformName: android}, deviceApiLevel: 26, deviceManufacturer: Google, deviceModel: Android SDK built for x86, deviceName: emulator-5554, deviceScreenDensity: 440, deviceScreenSize: 1080x2220, deviceUDID: emulator-5554, javascriptEnabled: true, locationContextEnabled: false, networkConnectionEnabled: true, pixelRatio: 2.75, platform: LINUX, platformName: Android, platformVersion: 8.0.0, statBarHeight: 66, takesScreenshot: true, viewportRect: {height: 2022, left: 0, top: 66, width: 1080}, warnings: {}, webStorageEnabled: false}
Session ID: 840f5c7a-cd9b-4838-91d8-88a96d2a60e5
*** Element info: {Using=xpath, value=//h3[text()=&amp;apos;Intro to JS: Drawing &amp;amp; Animation&amp;apos;]}">
      <![CDATA[org.openqa.selenium.NoSuchElementException: An element could not be located on the page using the given search parameters.
For documentation on this error, please visit: https://www.seleniumhq.org/exceptions/no_such_element.html
Build info: version: '3.141.59', revision: 'e82be7d358', time: '2018-11-14T08:17:03'
System info: host: 'DESKTOP-5T7T99E', ip: '192.168.0.100', os.name: 'Windows 10', os.arch: 'amd64', os.version: '10.0', java.version: '1.8.0_261'
Driver info: io.appium.java_client.android.AndroidDriver
Capabilities {appActivity: org.khanacademy.android.ui...., appPackage: org.khanacademy.android, chromedriverExecutable: C:\Users\pradeep\Downloads\..., databaseEnabled: false, desired: {appActivity: org.khanacademy.android.ui...., appPackage: org.khanacademy.android, chromedriverExecutable: C:\Users\pradeep\Downloads\..., deviceName: Anjana, platformName: android}, deviceApiLevel: 26, deviceManufacturer: Google, deviceModel: Android SDK built for x86, deviceName: emulator-5554, deviceScreenDensity: 440, deviceScreenSize: 1080x2220, deviceUDID: emulator-5554, javascriptEnabled: true, locationContextEnabled: false, networkConnectionEnabled: true, pixelRatio: 2.75, platform: LINUX, platformName: Android, platformVersion: 8.0.0, statBarHeight: 66, takesScreenshot: true, viewportRect: {height: 2022, left: 0, top: 66, width: 1080}, warnings: {}, webStorageEnabled: false}
Session ID: 840f5c7a-cd9b-4838-91d8-88a96d2a60e5
*** Element info: {Using=xpath, value=//h3[text()='Intro to JS: Drawing & Animation']}
at org.openqa.selenium.remote.http.W3CHttpResponseCodec.createException(W3CHttpResponseCodec.java:187)
at org.openqa.selenium.remote.http.W3CHttpResponseCodec.decode(W3CHttpResponseCodec.java:122)
at org.openqa.selenium.remote.http.W3CHttpResponseCodec.decode(W3CHttpResponseCodec.java:49)
at org.openqa.selenium.remote.HttpCommandExecutor.execute(HttpCommandExecutor.java:158)
at io.appium.java_client.remote.AppiumCommandExecutor.execute(AppiumCommandExecutor.java:239)
at org.openqa.selenium.remote.RemoteWebDriver.execute(RemoteWebDriver.java:552)
at io.appium.java_client.DefaultGenericMobileDriver.execute(DefaultGenericMobileDriver.java:41)
at io.appium.java_client.AppiumDriver.execute(AppiumDriver.java:1)
at io.appium.java_client.android.AndroidDriver.execute(AndroidDriver.java:1)
at org.openqa.selenium.remote.RemoteWebDriver.findElement(RemoteWebDriver.java:323)
at io.appium.java_client.DefaultGenericMobileDriver.findElement(DefaultGenericMobileDriver.java:61)
at io.appium.java_client.AppiumDriver.findElement(AppiumDriver.java:1)
at io.appium.java_client.android.AndroidDriver.findElement(AndroidDriver.java:1)
at org.openqa.selenium.remote.RemoteWebDriver.findElementByXPath(RemoteWebDriver.java:428)
at io.appium.java_client.DefaultGenericMobileDriver.findElementByXPath(DefaultGenericMobileDriver.java:151)
at io.appium.java_client.AppiumDriver.findElementByXPath(AppiumDriver.java:1)
at io.appium.java_client.android.AndroidDriver.findElementByXPath(AndroidDriver.java:1)
at org.openqa.selenium.By$ByXPath.findElement(By.java:353)
at org.openqa.selenium.remote.RemoteWebDriver.findElement(RemoteWebDriver.java:315)
at io.appium.java_client.DefaultGenericMobileDriver.findElement(DefaultGenericMobileDriver.java:57)
at io.appium.java_client.AppiumDriver.findElement(AppiumDriver.java:1)
at io.appium.java_client.android.AndroidDriver.findElement(AndroidDriver.java:1)
at pageobject.webPlayVideoPage.startVideo(webPlayVideoPage.java:19)
at testcases.webPlayVideo.playVideo(webPlayVideo.java:15)
... Removed 29 stack frames]]>
    </failure>
  </testcase> <!-- playVideo -->
  <testcase name="signOut" time="10.101" classname="testcases.appSignOut">
    <failure type="org.openqa.selenium.NoSuchElementException" message="An element could not be located on the page using the given search parameters.
For documentation on this error, please visit: https://www.seleniumhq.org/exceptions/no_such_element.html
Build info: version: &amp;apos;3.141.59&amp;apos;, revision: &amp;apos;e82be7d358&amp;apos;, time: &amp;apos;2018-11-14T08:17:03&amp;apos;
System info: host: &amp;apos;DESKTOP-5T7T99E&amp;apos;, ip: &amp;apos;192.168.0.100&amp;apos;, os.name: &amp;apos;Windows 10&amp;apos;, os.arch: &amp;apos;amd64&amp;apos;, os.version: &amp;apos;10.0&amp;apos;, java.version: &amp;apos;1.8.0_261&amp;apos;
Driver info: io.appium.java_client.android.AndroidDriver
Capabilities {appActivity: org.khanacademy.android.ui...., appPackage: org.khanacademy.android, chromedriverExecutable: C:\Users\pradeep\Downloads\..., databaseEnabled: false, desired: {appActivity: org.khanacademy.android.ui...., appPackage: org.khanacademy.android, chromedriverExecutable: C:\Users\pradeep\Downloads\..., deviceName: Anjana, platformName: android}, deviceApiLevel: 26, deviceManufacturer: Google, deviceModel: Android SDK built for x86, deviceName: emulator-5554, deviceScreenDensity: 440, deviceScreenSize: 1080x2220, deviceUDID: emulator-5554, javascriptEnabled: true, locationContextEnabled: false, networkConnectionEnabled: true, pixelRatio: 2.75, platform: LINUX, platformName: Android, platformVersion: 8.0.0, statBarHeight: 66, takesScreenshot: true, viewportRect: {height: 2022, left: 0, top: 66, width: 1080}, warnings: {}, webStorageEnabled: false}
Session ID: 840f5c7a-cd9b-4838-91d8-88a96d2a60e5
*** Element info: {Using=accessibility id, value=Settings}">
      <![CDATA[org.openqa.selenium.NoSuchElementException: An element could not be located on the page using the given search parameters.
For documentation on this error, please visit: https://www.seleniumhq.org/exceptions/no_such_element.html
Build info: version: '3.141.59', revision: 'e82be7d358', time: '2018-11-14T08:17:03'
System info: host: 'DESKTOP-5T7T99E', ip: '192.168.0.100', os.name: 'Windows 10', os.arch: 'amd64', os.version: '10.0', java.version: '1.8.0_261'
Driver info: io.appium.java_client.android.AndroidDriver
Capabilities {appActivity: org.khanacademy.android.ui...., appPackage: org.khanacademy.android, chromedriverExecutable: C:\Users\pradeep\Downloads\..., databaseEnabled: false, desired: {appActivity: org.khanacademy.android.ui...., appPackage: org.khanacademy.android, chromedriverExecutable: C:\Users\pradeep\Downloads\..., deviceName: Anjana, platformName: android}, deviceApiLevel: 26, deviceManufacturer: Google, deviceModel: Android SDK built for x86, deviceName: emulator-5554, deviceScreenDensity: 440, deviceScreenSize: 1080x2220, deviceUDID: emulator-5554, javascriptEnabled: true, locationContextEnabled: false, networkConnectionEnabled: true, pixelRatio: 2.75, platform: LINUX, platformName: Android, platformVersion: 8.0.0, statBarHeight: 66, takesScreenshot: true, viewportRect: {height: 2022, left: 0, top: 66, width: 1080}, warnings: {}, webStorageEnabled: false}
Session ID: 840f5c7a-cd9b-4838-91d8-88a96d2a60e5
*** Element info: {Using=accessibility id, value=Settings}
at org.openqa.selenium.remote.http.W3CHttpResponseCodec.createException(W3CHttpResponseCodec.java:187)
at org.openqa.selenium.remote.http.W3CHttpResponseCodec.decode(W3CHttpResponseCodec.java:122)
at org.openqa.selenium.remote.http.W3CHttpResponseCodec.decode(W3CHttpResponseCodec.java:49)
at org.openqa.selenium.remote.HttpCommandExecutor.execute(HttpCommandExecutor.java:158)
at io.appium.java_client.remote.AppiumCommandExecutor.execute(AppiumCommandExecutor.java:239)
at org.openqa.selenium.remote.RemoteWebDriver.execute(RemoteWebDriver.java:552)
at io.appium.java_client.DefaultGenericMobileDriver.execute(DefaultGenericMobileDriver.java:41)
at io.appium.java_client.AppiumDriver.execute(AppiumDriver.java:1)
at io.appium.java_client.android.AndroidDriver.execute(AndroidDriver.java:1)
at org.openqa.selenium.remote.RemoteWebDriver.findElement(RemoteWebDriver.java:323)
at io.appium.java_client.DefaultGenericMobileDriver.findElement(DefaultGenericMobileDriver.java:61)
at io.appium.java_client.AppiumDriver.findElement(AppiumDriver.java:1)
at io.appium.java_client.android.AndroidDriver.findElement(AndroidDriver.java:1)
at io.appium.java_client.FindsByAccessibilityId.findElementByAccessibilityId(FindsByAccessibilityId.java:37)
at io.appium.java_client.MobileBy$ByAccessibilityId.findElement(MobileBy.java:274)
at org.openqa.selenium.remote.RemoteWebDriver.findElement(RemoteWebDriver.java:315)
at io.appium.java_client.DefaultGenericMobileDriver.findElement(DefaultGenericMobileDriver.java:57)
at io.appium.java_client.AppiumDriver.findElement(AppiumDriver.java:1)
at io.appium.java_client.android.AndroidDriver.findElement(AndroidDriver.java:1)
at pageobject.appSignOutPage.clickSignOut(appSignOutPage.java:18)
at testcases.appSignOut.signOut(appSignOut.java:15)
... Removed 29 stack frames]]>
    </failure>
  </testcase> <!-- signOut -->
</testsuite> <!-- AppiumTest -->
